mode: atomic
github.com/j-flat/go-veikkaus/internal/veikkausapi/request_handler.go:15.40,17.2 1 6
github.com/j-flat/go-veikkaus/internal/veikkausapi/request_handler.go:19.64,21.16 2 4
github.com/j-flat/go-veikkaus/internal/veikkausapi/request_handler.go:21.16,24.3 2 2
github.com/j-flat/go-veikkaus/internal/veikkausapi/request_handler.go:26.2,26.25 1 2
github.com/j-flat/go-veikkaus/internal/veikkausapi/request_handler.go:29.57,35.2 4 4
github.com/j-flat/go-veikkaus/internal/veikkausapi/request_handler.go:37.74,39.47 2 17
github.com/j-flat/go-veikkaus/internal/veikkausapi/request_handler.go:39.47,40.30 1 25
github.com/j-flat/go-veikkaus/internal/veikkausapi/request_handler.go:40.30,42.4 1 15
github.com/j-flat/go-veikkaus/internal/veikkausapi/request_handler.go:43.3,43.66 1 10
github.com/j-flat/go-veikkaus/internal/veikkausapi/request_handler.go:45.2,46.32 2 2
github.com/j-flat/go-veikkaus/internal/veikkausapi/request_handler.go:49.50,51.16 2 23
github.com/j-flat/go-veikkaus/internal/veikkausapi/request_handler.go:51.16,54.3 2 7
github.com/j-flat/go-veikkaus/internal/veikkausapi/request_handler.go:55.2,55.12 1 16
github.com/j-flat/go-veikkaus/internal/veikkausapi/request_handler.go:58.90,59.75 1 15
github.com/j-flat/go-veikkaus/internal/veikkausapi/request_handler.go:59.75,61.3 1 1
github.com/j-flat/go-veikkaus/internal/veikkausapi/request_handler.go:63.2,63.55 1 14
github.com/j-flat/go-veikkaus/internal/veikkausapi/request_handler.go:63.55,65.3 1 3
github.com/j-flat/go-veikkaus/internal/veikkausapi/request_handler.go:67.2,67.24 1 11
github.com/j-flat/go-veikkaus/internal/veikkausapi/request_handler.go:67.24,69.3 1 4
github.com/j-flat/go-veikkaus/internal/veikkausapi/request_handler.go:71.2,72.16 2 7
github.com/j-flat/go-veikkaus/internal/veikkausapi/request_handler.go:72.16,75.3 2 1
github.com/j-flat/go-veikkaus/internal/veikkausapi/request_handler.go:77.2,77.17 1 6
github.com/j-flat/go-veikkaus/internal/veikkausapi/request_handler.go:80.58,81.55 1 6
github.com/j-flat/go-veikkaus/internal/veikkausapi/request_handler.go:81.55,83.3 1 2
github.com/j-flat/go-veikkaus/internal/veikkausapi/request_handler.go:85.2,86.16 2 4
github.com/j-flat/go-veikkaus/internal/veikkausapi/request_handler.go:86.16,89.3 2 1
github.com/j-flat/go-veikkaus/internal/veikkausapi/request_handler.go:90.2,90.17 1 3
github.com/j-flat/go-veikkaus/internal/veikkausapi/request_handler.go:93.98,94.23 1 12
github.com/j-flat/go-veikkaus/internal/veikkausapi/request_handler.go:95.11,96.14 1 4
github.com/j-flat/go-veikkaus/internal/veikkausapi/request_handler.go:97.12,98.63 1 8
github.com/j-flat/go-veikkaus/internal/veikkausapi/request_handler.go:99.11,100.31 1 3
github.com/j-flat/go-veikkaus/internal/veikkausapi/request_handler.go:101.10,102.77 1 1
github.com/j-flat/go-veikkaus/internal/veikkausapi/request_handler.go:106.58,109.16 2 2
github.com/j-flat/go-veikkaus/internal/veikkausapi/request_handler.go:109.16,111.3 1 1
github.com/j-flat/go-veikkaus/internal/veikkausapi/request_handler.go:113.2,113.26 1 1
github.com/j-flat/go-veikkaus/internal/veikkausapi/request_handler.go:116.110,122.84 4 5
github.com/j-flat/go-veikkaus/internal/veikkausapi/request_handler.go:122.84,124.3 1 2
github.com/j-flat/go-veikkaus/internal/veikkausapi/request_handler.go:126.2,126.36 1 3
github.com/j-flat/go-veikkaus/internal/veikkausapi/response_handler.go:10.44,11.62 1 29
github.com/j-flat/go-veikkaus/internal/veikkausapi/response_handler.go:11.62,13.3 1 10
github.com/j-flat/go-veikkaus/internal/veikkausapi/response_handler.go:15.2,15.14 1 19
github.com/j-flat/go-veikkaus/internal/veikkausapi/response_handler.go:18.72,23.16 3 4
github.com/j-flat/go-veikkaus/internal/veikkausapi/response_handler.go:23.16,25.3 1 1
github.com/j-flat/go-veikkaus/internal/veikkausapi/response_handler.go:27.2,27.53 1 3
github.com/j-flat/go-veikkaus/internal/veikkausapi/response_handler.go:27.53,29.3 1 2
github.com/j-flat/go-veikkaus/internal/veikkausapi/response_handler.go:31.2,31.12 1 1
github.com/j-flat/go-veikkaus/veikkaus/login.go:24.81,34.16 4 0
github.com/j-flat/go-veikkaus/veikkaus/login.go:34.16,37.3 2 0
github.com/j-flat/go-veikkaus/veikkaus/login.go:39.2,41.16 2 0
github.com/j-flat/go-veikkaus/veikkaus/login.go:41.16,44.3 2 0
github.com/j-flat/go-veikkaus/veikkaus/login.go:46.2,47.16 2 0
github.com/j-flat/go-veikkaus/veikkaus/login.go:47.16,50.3 2 0
github.com/j-flat/go-veikkaus/veikkaus/login.go:51.2,53.52 2 0
github.com/j-flat/go-veikkaus/veikkaus/login.go:53.52,55.3 1 0
github.com/j-flat/go-veikkaus/veikkaus/login.go:57.2,60.16 3 0
github.com/j-flat/go-veikkaus/veikkaus/login.go:60.16,62.3 1 0
github.com/j-flat/go-veikkaus/veikkaus/login.go:64.2,64.22 1 0
github.com/j-flat/go-veikkaus/veikkaus/login.go:64.22,66.3 1 0
github.com/j-flat/go-veikkaus/veikkaus/login.go:66.8,68.3 1 0
github.com/j-flat/go-veikkaus/veikkaus/login.go:70.2,70.17 1 0
github.com/j-flat/go-veikkaus/veikkaus/veikkaus.go:56.40,61.2 4 0
github.com/j-flat/go-veikkaus/veikkaus/veikkaus.go:63.49,64.23 1 0
github.com/j-flat/go-veikkaus/veikkaus/veikkaus.go:64.23,66.3 1 0
github.com/j-flat/go-veikkaus/veikkaus/veikkaus.go:67.2,70.10 4 0
github.com/j-flat/go-veikkaus/veikkaus/veikkaus.go:73.31,74.21 1 0
github.com/j-flat/go-veikkaus/veikkaus/veikkaus.go:74.21,76.3 1 0
github.com/j-flat/go-veikkaus/veikkaus/veikkaus.go:77.2,77.22 1 0
github.com/j-flat/go-veikkaus/veikkaus/veikkaus.go:77.22,79.3 1 0
github.com/j-flat/go-veikkaus/veikkaus/veikkaus.go:80.2,80.23 1 0
github.com/j-flat/go-veikkaus/veikkaus/veikkaus.go:80.23,82.3 1 0
github.com/j-flat/go-veikkaus/veikkaus/veikkaus.go:83.2,84.36 2 0
